0 info it worked if it ends with ok
1 verbose cli [ 'F:\\nodejs\\\\node.exe',
1 verbose cli   'F:\\nodejs\\node_modules\\npm\\bin\\npm-cli.js',
1 verbose cli   'install' ]
2 info using npm@1.3.21
3 info using node@v0.10.24
4 verbose node symlink F:\nodejs\\node.exe
5 warn package.json ws-echo@0.0.1 No description
6 warn package.json ws-echo@0.0.1 No repository field.
7 warn package.json ws-echo@0.0.1 No README data
8 verbose readDependencies using package.json deps
9 verbose install where, deps [ 'F:\\liu\\study\\node\\book\\smashingnode\\chapter10\\ws-echo',
9 verbose install   [ 'express', 'websocket.io' ] ]
10 info preinstall ws-echo@0.0.1
11 warn package.json websocket.io@0.1.6 No repository field.
12 verbose readDependencies using package.json deps
13 verbose cache add [ 'express@~', null ]
14 verbose cache add name=undefined spec="express@~" args=["express@~",null]
15 verbose parsed url { protocol: null,
15 verbose parsed url   slashes: null,
15 verbose parsed url   auth: null,
15 verbose parsed url   host: null,
15 verbose parsed url   port: null,
15 verbose parsed url   hostname: null,
15 verbose parsed url   hash: null,
15 verbose parsed url   search: null,
15 verbose parsed url   query: null,
15 verbose parsed url   pathname: 'express@~',
15 verbose parsed url   path: 'express@~',
15 verbose parsed url   href: 'express@~' }
16 verbose cache add name="express" spec="~" args=["express","~"]
17 verbose parsed url { protocol: null,
17 verbose parsed url   slashes: null,
17 verbose parsed url   auth: null,
17 verbose parsed url   host: null,
17 verbose parsed url   port: null,
17 verbose parsed url   hostname: null,
17 verbose parsed url   hash: null,
17 verbose parsed url   search: null,
17 verbose parsed url   query: null,
17 verbose parsed url   pathname: '~',
17 verbose parsed url   path: '~',
17 verbose parsed url   href: '~' }
18 verbose addNamed [ 'express', '~' ]
19 verbose addNamed [ null, null ]
20 verbose cache add [ 'websocket.io@~', null ]
21 verbose cache add name=undefined spec="websocket.io@~" args=["websocket.io@~",null]
22 verbose parsed url { protocol: null,
22 verbose parsed url   slashes: null,
22 verbose parsed url   auth: null,
22 verbose parsed url   host: null,
22 verbose parsed url   port: null,
22 verbose parsed url   hostname: null,
22 verbose parsed url   hash: null,
22 verbose parsed url   search: null,
22 verbose parsed url   query: null,
22 verbose parsed url   pathname: 'websocket.io@~',
22 verbose parsed url   path: 'websocket.io@~',
22 verbose parsed url   href: 'websocket.io@~' }
23 verbose cache add name="websocket.io" spec="~" args=["websocket.io","~"]
24 verbose parsed url { protocol: null,
24 verbose parsed url   slashes: null,
24 verbose parsed url   auth: null,
24 verbose parsed url   host: null,
24 verbose parsed url   port: null,
24 verbose parsed url   hostname: null,
24 verbose parsed url   hash: null,
24 verbose parsed url   search: null,
24 verbose parsed url   query: null,
24 verbose parsed url   pathname: '~',
24 verbose parsed url   path: '~',
24 verbose parsed url   href: '~' }
25 verbose addNamed [ 'websocket.io', '~' ]
26 verbose addNamed [ null, null ]
27 silly lockFile b3431238-express express@~
28 verbose lock express@~ C:\Users\Administrator\AppData\Roaming\npm-cache\b3431238-express.lock
29 silly lockFile 49916395-websocket-io websocket.io@~
30 verbose lock websocket.io@~ C:\Users\Administrator\AppData\Roaming\npm-cache\49916395-websocket-io.lock
31 info addNameTag [ 'express', '~' ]
32 info addNameTag [ 'websocket.io', '~' ]
33 verbose url raw websocket.io
34 verbose url resolving [ 'https://registry.npmjs.org/', './websocket.io' ]
35 verbose url resolved https://registry.npmjs.org/websocket.io
36 info trying registry request attempt 1 at 19:41:25
37 verbose etag "21SC2QTANRNUZTKRQVGO5QC9M"
38 http GET https://registry.npmjs.org/websocket.io
39 verbose url raw express
40 verbose url resolving [ 'https://registry.npmjs.org/', './express' ]
41 verbose url resolved https://registry.npmjs.org/express
42 info trying registry request attempt 1 at 19:41:25
43 verbose etag "9V1KBYZN1G4ZKCR4ZN6GOW0WW"
44 http GET https://registry.npmjs.org/express
45 info retry will retry, error on last attempt: Error: connect ETIMEDOUT
46 info retry will retry, error on last attempt: Error: connect ETIMEDOUT
47 info trying registry request attempt 2 at 19:41:57
48 verbose etag "21SC2QTANRNUZTKRQVGO5QC9M"
49 http GET https://registry.npmjs.org/websocket.io
50 info trying registry request attempt 2 at 19:41:57
51 verbose etag "9V1KBYZN1G4ZKCR4ZN6GOW0WW"
52 http GET https://registry.npmjs.org/express
53 info retry will retry, error on last attempt: Error: connect ETIMEDOUT
54 info retry will retry, error on last attempt: Error: connect ETIMEDOUT
55 info trying registry request attempt 3 at 19:43:18
56 verbose etag "21SC2QTANRNUZTKRQVGO5QC9M"
57 http GET https://registry.npmjs.org/websocket.io
58 info trying registry request attempt 3 at 19:43:18
59 verbose etag "9V1KBYZN1G4ZKCR4ZN6GOW0WW"
60 http GET https://registry.npmjs.org/express
61 silly registry.get cb [ 304, undefined ]
62 verbose etag express from cache
63 silly registry.get cb [ 304, undefined ]
64 verbose etag websocket.io from cache
65 silly lockFile b3431238-express express@~
66 silly lockFile b3431238-express express@~
67 silly lockFile 49916395-websocket-io websocket.io@~
68 silly lockFile 49916395-websocket-io websocket.io@~
69 error notarget No compatible version found: express@'~'
69 error notarget Valid install targets:
69 error notarget ["0.14.0","0.14.1","1.0.0","1.0.1","1.0.2","1.0.3","1.0.4","1.0.5","1.0.6","1.0.7","1.0.8","2.0.0","2.1.0","2.1.1","2.2.0","2.2.1","2.2.2","2.3.0","2.3.1","2.3.2","2.3.3","2.3.4","2.3.5","2.3.6","2.3.7","2.3.8","2.3.9","2.3.10","2.3.11","2.3.12","2.4.0","2.4.1","2.4.2","2.4.3","2.4.4","2.4.5","2.4.6","2.4.7","2.5.0","2.5.1","2.5.2","2.5.3","2.5.4","2.5.5","2.5.6","2.5.7","2.5.8","2.5.9","2.5.10","2.5.11","3.0.0","3.0.1","3.0.2","3.0.3","3.0.4","3.0.5","3.0.6","3.1.0","3.1.1","3.1.2","3.2.0","3.2.1","3.2.2","3.2.3","3.2.4","3.2.5","3.2.6","3.3.0","3.3.1","3.3.2","3.3.3","3.3.4","3.3.5","3.3.6","1.0.0-beta","1.0.0-beta2","1.0.0-rc","1.0.0-rc2","1.0.0-rc3","1.0.0-rc4","2.0.0-beta","2.0.0-beta2","2.0.0-beta3","2.0.0-rc","2.0.0-rc2","2.0.0-rc3","3.0.0-alpha1","3.0.0-alpha2","3.0.0-alpha3","3.0.0-alpha4","3.0.0-alpha5","3.0.0-beta1","3.0.0-beta2","3.0.0-beta3","3.0.0-beta4","3.0.0-beta6","3.0.0-beta7","3.0.0-rc1","3.0.0-rc2","3.0.0-rc3","3.0.0-rc4","3.0.0-rc5","3.3.7","3.3.8","3.4.0","3.4.1","3.4.2","3.4.3","3.4.4","3.4.5","3.4.6","3.4.7","3.4.8","4.0.0-rc1","4.0.0-rc2","3.5.0","4.0.0-rc3","4.0.0-rc4","3.5.1","4.0.0","3.5.2","4.1.0","4.1.1","3.5.3","4.1.2","3.6.0","4.2.0","3.7.0","3.8.0","4.3.0","4.3.1","3.8.1","4.3.2","3.9.0","4.4.0","4.4.1","3.10.0","3.10.1","3.10.2","3.10.3","3.10.4","4.4.2","3.10.5","4.4.3"]
69 error notarget
69 error notarget This is most likely not a problem with npm itself.
69 error notarget In most cases you or one of your dependencies are requesting
69 error notarget a package version that doesn't exist.
70 error System Windows_NT 6.1.7601
71 error command "F:\\nodejs\\\\node.exe" "F:\\nodejs\\node_modules\\npm\\bin\\npm-cli.js" "install"
72 error cwd F:\liu\study\node\book\smashingnode\chapter10\ws-echo
73 error node -v v0.10.24
74 error npm -v 1.3.21
75 error code ETARGET
76 verbose exit [ 1, true ]
